{"uuid":"30942e9e-b88f-4b7b-88c0-cd4de2ed727e","historyId":"72e0f589e28b27ad26ec55c262462721","fullName":"Web.WebSmokeTest.Trade_Amortisation","labels":[{"name":"package","value":"Web.WebSmokeTest"},{"name":"testClass","value":"Web.WebSmokeTest"},{"name":"testMethod","value":"Trade_Amortisation"},{"name":"parentSuite","value":"Default Suite"},{"name":"suite","value":"CREDEBT"},{"name":"subSuite","value":"Web.WebSmokeTest"},{"name":"host","value":"DESKTOP-MBKD53B"},{"name":"thread","value":"4048@DESKTOP-MBKD53B.main(1)"},{"name":"framework","value":"testng"},{"name":"language","value":"java"}],"links":[],"name":"Trade_Amortisation","status":"broken","statusDetails":{"known":false,"muted":false,"flaky":false,"message":"ng-select selection failed: AMORTISATION_TYPE_DROPDOWN","trace":"java.lang.RuntimeException: ng-select selection failed: AMORTISATION_TYPE_DROPDOWN\r\n\tat utils.Common.selectNgDropdown(Common.java:208)\r\n\tat Web.WebSmokeTest.Trade_Amortisation(WebSmokeTest.java:224)\r\n\tat java.base/jdk.internal.reflect.DirectMethodHandleAccessor.invoke(DirectMethodHandleAccessor.java:103)\r\n\tat java.base/java.lang.reflect.Method.invoke(Method.java:580)\r\n\tat org.testng.internal.invokers.MethodInvocationHelper.invokeMethod(MethodInvocationHelper.java:139)\r\n\tat org.testng.internal.invokers.TestInvoker.invokeMethod(TestInvoker.java:664)\r\n\tat org.testng.internal.invokers.TestInvoker.invokeTestMethod(TestInvoker.java:227)\r\n\tat org.testng.internal.invokers.MethodRunner.runInSequence(MethodRunner.java:50)\r\n\tat org.testng.internal.invokers.TestInvoker$MethodInvocationAgent.invoke(TestInvoker.java:957)\r\n\tat org.testng.internal.invokers.TestInvoker.invokeTestMethods(TestInvoker.java:200)\r\n\tat org.testng.internal.invokers.TestMethodWorker.invokeTestMethods(TestMethodWorker.java:148)\r\n\tat org.testng.internal.invokers.TestMethodWorker.run(TestMethodWorker.java:128)\r\n\tat java.base/java.util.ArrayList.forEach(ArrayList.java:1596)\r\n\tat org.testng.TestRunner.privateRun(TestRunner.java:848)\r\n\tat org.testng.TestRunner.run(TestRunner.java:621)\r\n\tat org.testng.SuiteRunner.runTest(SuiteRunner.java:443)\r\n\tat org.testng.SuiteRunner.runSequentially(SuiteRunner.java:437)\r\n\tat org.testng.SuiteRunner.privateRun(SuiteRunner.java:397)\r\n\tat org.testng.SuiteRunner.run(SuiteRunner.java:336)\r\n\tat org.testng.SuiteRunnerWorker.runSuite(SuiteRunnerWorker.java:52)\r\n\tat org.testng.SuiteRunnerWorker.run(SuiteRunnerWorker.java:95)\r\n\tat org.testng.TestNG.runSuitesSequentially(TestNG.java:1280)\r\n\tat org.testng.TestNG.runSuitesLocally(TestNG.java:1200)\r\n\tat org.testng.TestNG.runSuites(TestNG.java:1114)\r\n\tat org.testng.TestNG.run(TestNG.java:1082)\r\n\tat com.intellij.rt.testng.IDEARemoteTestNG.run(IDEARemoteTestNG.java:65)\r\n\tat com.intellij.rt.testng.RemoteTestNGStarter.main(RemoteTestNGStarter.java:105)\r\nCaused by: org.openqa.selenium.ElementClickInterceptedException: element click intercepted: Element <div role=\"combobox\" aria-haspopup=\"listbox\" class=\"ng-input\" aria-expanded=\"true\" style=\"border: 5px solid yellow;\" aria-owns=\"aac658648490\">...</div> is not clickable at point (232, 89). Other element would receive the click: <span class=\"ng-arrow-wrapper\">...</span>\n  (Session info: chrome=142.0.7444.176)\nBuild info: version: '4.15.0', revision: '1d14b5521b'\nSystem info: os.name: 'Windows 11', os.arch: 'amd64', os.version: '10.0', java.version: '21.0.2'\nDriver info: org.openqa.selenium.chrome.ChromeDriver\nCommand: [ac97e0292a4528a08b476132f102fd50, clickElement {id=f.C68236E9DE8228663969DDA5327796D2.d.509AC77FAC13D45459FE62BBD0FCBBF2.e.294}]\nCapabilities {acceptInsecureCerts: false, browserName: chrome, browserVersion: 142.0.7444.176, chrome: {chromedriverVersion: 142.0.7444.175 (302067f14a4..., userDataDir: C:\\Users\\Tester\\AppData\\Loc...}, fedcm:accounts: true, goog:chromeOptions: {debuggerAddress: localhost:1383}, goog:processID: 13688, networkConnectionEnabled: false, pageLoadStrategy: normal, platformName: windows, proxy: Proxy(), se:cdp: ws://localhost:1383/devtool..., se:cdpVersion: 142.0.7444.176, setWindowRect: true, strictFileInteractability: false, timeouts: {implicit: 0, pageLoad: 300000, script: 30000}, unhandledPromptBehavior: dismiss and notify, webauthn:extension:credBlob: true, webauthn:extension:largeBlob: true, webauthn:extension:minPinLength: true, webauthn:extension:prf: true, webauthn:virtualAuthenticators: true}\nElement: [[ChromeDriver: chrome on windows (ac97e0292a4528a08b476132f102fd50)] -> xpath: (//div[@class='ng-value ng-star-inserted']/following-sibling::div)[1]]\nSession ID: ac97e0292a4528a08b476132f102fd50\r\n\tat java.base/jdk.internal.reflect.DirectConstructorHandleAccessor.newInstance(DirectConstructorHandleAccessor.java:62)\r\n\tat java.base/java.lang.reflect.Constructor.newInstanceWithCaller(Constructor.java:502)\r\n\tat java.base/java.lang.reflect.Constructor.newInstance(Constructor.java:486)\r\n\tat org.openqa.selenium.remote.codec.w3c.W3CHttpResponseCodec.createException(W3CHttpResponseCodec.java:200)\r\n\tat org.openqa.selenium.remote.codec.w3c.W3CHttpResponseCodec.decode(W3CHttpResponseCodec.java:133)\r\n\tat org.openqa.selenium.remote.codec.w3c.W3CHttpResponseCodec.decode(W3CHttpResponseCodec.java:52)\r\n\tat org.openqa.selenium.remote.HttpCommandExecutor.execute(HttpCommandExecutor.java:191)\r\n\tat org.openqa.selenium.remote.service.DriverCommandExecutor.invokeExecute(DriverCommandExecutor.java:200)\r\n\tat org.openqa.selenium.remote.service.DriverCommandExecutor.execute(DriverCommandExecutor.java:175)\r\n\tat org.openqa.selenium.remote.RemoteWebDriver.execute(RemoteWebDriver.java:607)\r\n\tat org.openqa.selenium.remote.RemoteWebElement.execute(RemoteWebElement.java:224)\r\n\tat org.openqa.selenium.remote.RemoteWebElement.click(RemoteWebElement.java:77)\r\n\tat utils.Common.selectNgDropdown(Common.java:195)\r\n\t... 26 more\r\n"},"stage":"finished","steps":[],"attachments":[{"name":"LOG - Step 1","source":"be13ae47-a911-42b6-bd6b-b230728f24cb-attachment.txt","type":"text/plain"},{"name":"LOG - Step 2","source":"7bc51ba8-45c0-451e-aa78-08fd6621d515-attachment.txt","type":"text/plain"},{"name":"LOG - Step 3","source":"f9626c6f-5617-40b4-b20b-c1782042c5d6-attachment.txt","type":"text/plain"},{"name":"LOG - Step 4","source":"904da905-cabd-4157-8d95-4884b523ba77-attachment.txt","type":"text/plain"},{"name":"LOG - Step 5","source":"32e5efb4-4f2f-42ee-97ef-5b23dc32d7f7-attachment.txt","type":"text/plain"},{"name":"LOG - Step 6","source":"9671330b-5640-4d56-9e6c-f6d02e9c21d5-attachment.txt","type":"text/plain"},{"name":"LOG - Step 7","source":"321e419f-7878-4f1a-9ea1-c4da2ef5e521-attachment.txt","type":"text/plain"},{"name":"LOG - Step 8","source":"46c1b43e-c9d4-4e75-8ddb-571255580d8b-attachment.txt","type":"text/plain"}],"parameters":[],"start":1764138767962,"stop":1764138785664}