{"uuid":"739f89db-00d8-4eec-a128-a13399b027dd","historyId":"72e0f589e28b27ad26ec55c262462721","fullName":"Web.WebSmokeTest.Trade_Amortisation","labels":[{"name":"package","value":"Web.WebSmokeTest"},{"name":"testClass","value":"Web.WebSmokeTest"},{"name":"testMethod","value":"Trade_Amortisation"},{"name":"parentSuite","value":"Default Suite"},{"name":"suite","value":"CREDEBT"},{"name":"subSuite","value":"Web.WebSmokeTest"},{"name":"host","value":"DESKTOP-MBKD53B"},{"name":"thread","value":"2948@DESKTOP-MBKD53B.main(1)"},{"name":"framework","value":"testng"},{"name":"language","value":"java"}],"links":[],"name":"Trade_Amortisation","status":"broken","statusDetails":{"known":false,"muted":false,"flaky":false,"message":"ng-select selection failed: AMORTISATION_TYPE_DROPDOWN","trace":"java.lang.RuntimeException: ng-select selection failed: AMORTISATION_TYPE_DROPDOWN\r\n\tat utils.Common.selectNgDropdown(Common.java:208)\r\n\tat Web.WebSmokeTest.Trade_Amortisation(WebSmokeTest.java:262)\r\n\tat java.base/jdk.internal.reflect.DirectMethodHandleAccessor.invoke(DirectMethodHandleAccessor.java:103)\r\n\tat java.base/java.lang.reflect.Method.invoke(Method.java:580)\r\n\tat org.testng.internal.invokers.MethodInvocationHelper.invokeMethod(MethodInvocationHelper.java:139)\r\n\tat org.testng.internal.invokers.TestInvoker.invokeMethod(TestInvoker.java:664)\r\n\tat org.testng.internal.invokers.TestInvoker.invokeTestMethod(TestInvoker.java:227)\r\n\tat org.testng.internal.invokers.MethodRunner.runInSequence(MethodRunner.java:50)\r\n\tat org.testng.internal.invokers.TestInvoker$MethodInvocationAgent.invoke(TestInvoker.java:957)\r\n\tat org.testng.internal.invokers.TestInvoker.invokeTestMethods(TestInvoker.java:200)\r\n\tat org.testng.internal.invokers.TestMethodWorker.invokeTestMethods(TestMethodWorker.java:148)\r\n\tat org.testng.internal.invokers.TestMethodWorker.run(TestMethodWorker.java:128)\r\n\tat java.base/java.util.ArrayList.forEach(ArrayList.java:1596)\r\n\tat org.testng.TestRunner.privateRun(TestRunner.java:848)\r\n\tat org.testng.TestRunner.run(TestRunner.java:621)\r\n\tat org.testng.SuiteRunner.runTest(SuiteRunner.java:443)\r\n\tat org.testng.SuiteRunner.runSequentially(SuiteRunner.java:437)\r\n\tat org.testng.SuiteRunner.privateRun(SuiteRunner.java:397)\r\n\tat org.testng.SuiteRunner.run(SuiteRunner.java:336)\r\n\tat org.testng.SuiteRunnerWorker.runSuite(SuiteRunnerWorker.java:52)\r\n\tat org.testng.SuiteRunnerWorker.run(SuiteRunnerWorker.java:95)\r\n\tat org.testng.TestNG.runSuitesSequentially(TestNG.java:1280)\r\n\tat org.testng.TestNG.runSuitesLocally(TestNG.java:1200)\r\n\tat org.testng.TestNG.runSuites(TestNG.java:1114)\r\n\tat org.testng.TestNG.run(TestNG.java:1082)\r\n\tat com.intellij.rt.testng.IDEARemoteTestNG.run(IDEARemoteTestNG.java:65)\r\n\tat com.intellij.rt.testng.RemoteTestNGStarter.main(RemoteTestNGStarter.java:105)\r\nCaused by: org.openqa.selenium.ElementClickInterceptedException: element click intercepted: Element <div role=\"combobox\" aria-haspopup=\"listbox\" class=\"ng-input\" aria-expanded=\"false\" style=\"border: 5px solid yellow;\">...</div> is not clickable at point (232, 89). Other element would receive the click: <span class=\"ng-arrow-wrapper\">...</span>\n  (Session info: chrome=142.0.7444.176)\nBuild info: version: '4.15.0', revision: '1d14b5521b'\nSystem info: os.name: 'Windows 11', os.arch: 'amd64', os.version: '10.0', java.version: '21.0.2'\nDriver info: org.openqa.selenium.chrome.ChromeDriver\nCommand: [4b6e42c9fef7868968763e22457e2f9b, clickElement {id=f.886C75E92D18C9B42720D8DE62E0C19D.d.74F2FC739D75CC7CF150BC40D29F527D.e.296}]\nCapabilities {acceptInsecureCerts: false, browserName: chrome, browserVersion: 142.0.7444.176, chrome: {chromedriverVersion: 142.0.7444.175 (302067f14a4..., userDataDir: C:\\Users\\Tester\\AppData\\Loc...}, fedcm:accounts: true, goog:chromeOptions: {debuggerAddress: localhost:1277}, goog:processID: 16436, networkConnectionEnabled: false, pageLoadStrategy: normal, platformName: windows, proxy: Proxy(), se:cdp: ws://localhost:1277/devtool..., se:cdpVersion: 142.0.7444.176, setWindowRect: true, strictFileInteractability: false, timeouts: {implicit: 0, pageLoad: 300000, script: 30000}, unhandledPromptBehavior: dismiss and notify, webauthn:extension:credBlob: true, webauthn:extension:largeBlob: true, webauthn:extension:minPinLength: true, webauthn:extension:prf: true, webauthn:virtualAuthenticators: true}\nElement: [[ChromeDriver: chrome on windows (4b6e42c9fef7868968763e22457e2f9b)] -> xpath: (//div[@class='ng-value ng-star-inserted']/following-sibling::div)[1]]\nSession ID: 4b6e42c9fef7868968763e22457e2f9b\r\n\tat java.base/jdk.internal.reflect.DirectConstructorHandleAccessor.newInstance(DirectConstructorHandleAccessor.java:62)\r\n\tat java.base/java.lang.reflect.Constructor.newInstanceWithCaller(Constructor.java:502)\r\n\tat java.base/java.lang.reflect.Constructor.newInstance(Constructor.java:486)\r\n\tat org.openqa.selenium.remote.codec.w3c.W3CHttpResponseCodec.createException(W3CHttpResponseCodec.java:200)\r\n\tat org.openqa.selenium.remote.codec.w3c.W3CHttpResponseCodec.decode(W3CHttpResponseCodec.java:133)\r\n\tat org.openqa.selenium.remote.codec.w3c.W3CHttpResponseCodec.decode(W3CHttpResponseCodec.java:52)\r\n\tat org.openqa.selenium.remote.HttpCommandExecutor.execute(HttpCommandExecutor.java:191)\r\n\tat org.openqa.selenium.remote.service.DriverCommandExecutor.invokeExecute(DriverCommandExecutor.java:200)\r\n\tat org.openqa.selenium.remote.service.DriverCommandExecutor.execute(DriverCommandExecutor.java:175)\r\n\tat org.openqa.selenium.remote.RemoteWebDriver.execute(RemoteWebDriver.java:607)\r\n\tat org.openqa.selenium.remote.RemoteWebElement.execute(RemoteWebElement.java:224)\r\n\tat org.openqa.selenium.remote.RemoteWebElement.click(RemoteWebElement.java:77)\r\n\tat utils.Common.selectNgDropdown(Common.java:195)\r\n\t... 26 more\r\n"},"stage":"finished","steps":[],"attachments":[{"name":"LOG - Step 1","source":"ce81f0c8-0047-4786-b4e6-e8dac258fa83-attachment.txt","type":"text/plain"},{"name":"LOG - Step 2","source":"1856f248-4781-449b-bac1-6808e1c79061-attachment.txt","type":"text/plain"},{"name":"LOG - Step 3","source":"3b3309e1-11b9-4d34-9ea3-01683dc7e7d4-attachment.txt","type":"text/plain"},{"name":"LOG - Step 4","source":"e7ad0756-eedc-474e-afa0-292afee0807b-attachment.txt","type":"text/plain"},{"name":"LOG - Step 5","source":"ea1ccc45-a087-41c9-9556-f48f7adbcf66-attachment.txt","type":"text/plain"},{"name":"LOG - Step 6","source":"c67fff82-019b-493f-bdf9-91faf1b0704f-attachment.txt","type":"text/plain"},{"name":"LOG - Step 7","source":"02c46354-f71a-4df2-9119-f1e37f1e06fc-attachment.txt","type":"text/plain"},{"name":"LOG - Step 8","source":"4fe54efc-a992-4f87-a80d-85fc430b6580-attachment.txt","type":"text/plain"}],"parameters":[],"start":1764138700787,"stop":1764138736264}