{"uuid":"826aa5bc-cd02-48b8-92d3-c5a4275084e7","historyId":"72e0f589e28b27ad26ec55c262462721","fullName":"Web.WebSmokeTest.Trade_Amortisation","labels":[{"name":"package","value":"Web.WebSmokeTest"},{"name":"testClass","value":"Web.WebSmokeTest"},{"name":"testMethod","value":"Trade_Amortisation"},{"name":"parentSuite","value":"Default Suite"},{"name":"suite","value":"CREDEBT"},{"name":"subSuite","value":"Web.WebSmokeTest"},{"name":"host","value":"DESKTOP-MBKD53B"},{"name":"thread","value":"17128@DESKTOP-MBKD53B.main(1)"},{"name":"framework","value":"testng"},{"name":"language","value":"java"}],"links":[],"name":"Trade_Amortisation","status":"broken","statusDetails":{"known":false,"muted":false,"flaky":false,"message":"ng-select selection failed: AMORTISATION_TYPE_DROPDOWN","trace":"java.lang.RuntimeException: ng-select selection failed: AMORTISATION_TYPE_DROPDOWN\r\n\tat utils.Common.selectNgDropdown(Common.java:208)\r\n\tat Web.WebSmokeTest.Trade_Amortisation(WebSmokeTest.java:224)\r\n\tat java.base/jdk.internal.reflect.DirectMethodHandleAccessor.invoke(DirectMethodHandleAccessor.java:103)\r\n\tat java.base/java.lang.reflect.Method.invoke(Method.java:580)\r\n\tat org.testng.internal.invokers.MethodInvocationHelper.invokeMethod(MethodInvocationHelper.java:139)\r\n\tat org.testng.internal.invokers.TestInvoker.invokeMethod(TestInvoker.java:664)\r\n\tat org.testng.internal.invokers.TestInvoker.invokeTestMethod(TestInvoker.java:227)\r\n\tat org.testng.internal.invokers.MethodRunner.runInSequence(MethodRunner.java:50)\r\n\tat org.testng.internal.invokers.TestInvoker$MethodInvocationAgent.invoke(TestInvoker.java:957)\r\n\tat org.testng.internal.invokers.TestInvoker.invokeTestMethods(TestInvoker.java:200)\r\n\tat org.testng.internal.invokers.TestMethodWorker.invokeTestMethods(TestMethodWorker.java:148)\r\n\tat org.testng.internal.invokers.TestMethodWorker.run(TestMethodWorker.java:128)\r\n\tat java.base/java.util.ArrayList.forEach(ArrayList.java:1596)\r\n\tat org.testng.TestRunner.privateRun(TestRunner.java:848)\r\n\tat org.testng.TestRunner.run(TestRunner.java:621)\r\n\tat org.testng.SuiteRunner.runTest(SuiteRunner.java:443)\r\n\tat org.testng.SuiteRunner.runSequentially(SuiteRunner.java:437)\r\n\tat org.testng.SuiteRunner.privateRun(SuiteRunner.java:397)\r\n\tat org.testng.SuiteRunner.run(SuiteRunner.java:336)\r\n\tat org.testng.SuiteRunnerWorker.runSuite(SuiteRunnerWorker.java:52)\r\n\tat org.testng.SuiteRunnerWorker.run(SuiteRunnerWorker.java:95)\r\n\tat org.testng.TestNG.runSuitesSequentially(TestNG.java:1280)\r\n\tat org.testng.TestNG.runSuitesLocally(TestNG.java:1200)\r\n\tat org.testng.TestNG.runSuites(TestNG.java:1114)\r\n\tat org.testng.TestNG.run(TestNG.java:1082)\r\n\tat com.intellij.rt.testng.IDEARemoteTestNG.run(IDEARemoteTestNG.java:65)\r\n\tat com.intellij.rt.testng.RemoteTestNGStarter.main(RemoteTestNGStarter.java:105)\r\nCaused by: org.openqa.selenium.ElementClickInterceptedException: element click intercepted: Element <div role=\"combobox\" aria-haspopup=\"listbox\" class=\"ng-input\" aria-expanded=\"false\" style=\"border: 5px solid yellow;\">...</div> is not clickable at point (232, 89). Other element would receive the click: <span class=\"ng-arrow-wrapper\">...</span>\n  (Session info: chrome=142.0.7444.176)\nBuild info: version: '4.15.0', revision: '1d14b5521b'\nSystem info: os.name: 'Windows 11', os.arch: 'amd64', os.version: '10.0', java.version: '21.0.2'\nDriver info: org.openqa.selenium.chrome.ChromeDriver\nCommand: [7982a157cab733f89af5230032bd195b, clickElement {id=f.7540DD7767A10ADAF1EF16F28D83A0C4.d.5EAD76FC3F3C0A720027293DFFA01E77.e.296}]\nCapabilities {acceptInsecureCerts: false, browserName: chrome, browserVersion: 142.0.7444.176, chrome: {chromedriverVersion: 142.0.7444.175 (302067f14a4..., userDataDir: C:\\Users\\Tester\\AppData\\Loc...}, fedcm:accounts: true, goog:chromeOptions: {debuggerAddress: localhost:1499}, goog:processID: 436, networkConnectionEnabled: false, pageLoadStrategy: normal, platformName: windows, proxy: Proxy(), se:cdp: ws://localhost:1499/devtool..., se:cdpVersion: 142.0.7444.176, setWindowRect: true, strictFileInteractability: false, timeouts: {implicit: 0, pageLoad: 300000, script: 30000}, unhandledPromptBehavior: dismiss and notify, webauthn:extension:credBlob: true, webauthn:extension:largeBlob: true, webauthn:extension:minPinLength: true, webauthn:extension:prf: true, webauthn:virtualAuthenticators: true}\nElement: [[ChromeDriver: chrome on windows (7982a157cab733f89af5230032bd195b)] -> xpath: (//div[@class='ng-value ng-star-inserted']/following-sibling::div)[1]]\nSession ID: 7982a157cab733f89af5230032bd195b\r\n\tat java.base/jdk.internal.reflect.DirectConstructorHandleAccessor.newInstance(DirectConstructorHandleAccessor.java:62)\r\n\tat java.base/java.lang.reflect.Constructor.newInstanceWithCaller(Constructor.java:502)\r\n\tat java.base/java.lang.reflect.Constructor.newInstance(Constructor.java:486)\r\n\tat org.openqa.selenium.remote.codec.w3c.W3CHttpResponseCodec.createException(W3CHttpResponseCodec.java:200)\r\n\tat org.openqa.selenium.remote.codec.w3c.W3CHttpResponseCodec.decode(W3CHttpResponseCodec.java:133)\r\n\tat org.openqa.selenium.remote.codec.w3c.W3CHttpResponseCodec.decode(W3CHttpResponseCodec.java:52)\r\n\tat org.openqa.selenium.remote.HttpCommandExecutor.execute(HttpCommandExecutor.java:191)\r\n\tat org.openqa.selenium.remote.service.DriverCommandExecutor.invokeExecute(DriverCommandExecutor.java:200)\r\n\tat org.openqa.selenium.remote.service.DriverCommandExecutor.execute(DriverCommandExecutor.java:175)\r\n\tat org.openqa.selenium.remote.RemoteWebDriver.execute(RemoteWebDriver.java:607)\r\n\tat org.openqa.selenium.remote.RemoteWebElement.execute(RemoteWebElement.java:224)\r\n\tat org.openqa.selenium.remote.RemoteWebElement.click(RemoteWebElement.java:77)\r\n\tat utils.Common.selectNgDropdown(Common.java:195)\r\n\t... 26 more\r\n"},"stage":"finished","steps":[],"attachments":[{"name":"LOG - Step 1","source":"4cabbf19-666c-4d67-8432-30739c9cbec6-attachment.txt","type":"text/plain"},{"name":"LOG - Step 2","source":"2f7e1b5c-302f-4ec2-a3c2-7086d4bfa6a8-attachment.txt","type":"text/plain"},{"name":"LOG - Step 3","source":"9bec62a5-2b08-4620-9ecd-197c7e7b15a5-attachment.txt","type":"text/plain"},{"name":"LOG - Step 4","source":"0495d9c5-7aa8-4683-b90a-ebfb65dee3e7-attachment.txt","type":"text/plain"},{"name":"LOG - Step 5","source":"be0a40eb-3b66-47e8-8427-4a4e97b08b65-attachment.txt","type":"text/plain"},{"name":"LOG - Step 6","source":"7490c470-87fe-4412-8c4a-b88252ca3919-attachment.txt","type":"text/plain"},{"name":"LOG - Step 7","source":"f87a16d2-2352-471a-af24-a12243d53d42-attachment.txt","type":"text/plain"},{"name":"LOG - Step 8","source":"2bb4b932-4f01-4a27-bf27-fff801fc8bfd-attachment.txt","type":"text/plain"}],"parameters":[],"start":1764138831914,"stop":1764138849969}