{"uuid":"fc58ecdd-5324-48b2-8493-004aefbd7be3","historyId":"72e0f589e28b27ad26ec55c262462721","fullName":"Web.WebSmokeTest.Trade_Amortisation","labels":[{"name":"package","value":"Web.WebSmokeTest"},{"name":"testClass","value":"Web.WebSmokeTest"},{"name":"testMethod","value":"Trade_Amortisation"},{"name":"parentSuite","value":"Default Suite"},{"name":"suite","value":"CREDEBT"},{"name":"subSuite","value":"Web.WebSmokeTest"},{"name":"host","value":"DESKTOP-MBKD53B"},{"name":"thread","value":"14344@DESKTOP-MBKD53B.main(1)"},{"name":"framework","value":"testng"},{"name":"language","value":"java"}],"links":[],"name":"Trade_Amortisation","status":"broken","statusDetails":{"known":false,"muted":false,"flaky":false,"message":"ng-select selection failed: TRANSACTIONS_TYPE_DROPDOWN","trace":"java.lang.RuntimeException: ng-select selection failed: TRANSACTIONS_TYPE_DROPDOWN\r\n\tat utils.Common.selectNgDropdown(Common.java:208)\r\n\tat Web.WebSmokeTest.Trade_Amortisation(WebSmokeTest.java:224)\r\n\tat java.base/jdk.internal.reflect.DirectMethodHandleAccessor.invoke(DirectMethodHandleAccessor.java:103)\r\n\tat java.base/java.lang.reflect.Method.invoke(Method.java:580)\r\n\tat org.testng.internal.invokers.MethodInvocationHelper.invokeMethod(MethodInvocationHelper.java:139)\r\n\tat org.testng.internal.invokers.TestInvoker.invokeMethod(TestInvoker.java:664)\r\n\tat org.testng.internal.invokers.TestInvoker.invokeTestMethod(TestInvoker.java:227)\r\n\tat org.testng.internal.invokers.MethodRunner.runInSequence(MethodRunner.java:50)\r\n\tat org.testng.internal.invokers.TestInvoker$MethodInvocationAgent.invoke(TestInvoker.java:957)\r\n\tat org.testng.internal.invokers.TestInvoker.invokeTestMethods(TestInvoker.java:200)\r\n\tat org.testng.internal.invokers.TestMethodWorker.invokeTestMethods(TestMethodWorker.java:148)\r\n\tat org.testng.internal.invokers.TestMethodWorker.run(TestMethodWorker.java:128)\r\n\tat java.base/java.util.ArrayList.forEach(ArrayList.java:1596)\r\n\tat org.testng.TestRunner.privateRun(TestRunner.java:848)\r\n\tat org.testng.TestRunner.run(TestRunner.java:621)\r\n\tat org.testng.SuiteRunner.runTest(SuiteRunner.java:443)\r\n\tat org.testng.SuiteRunner.runSequentially(SuiteRunner.java:437)\r\n\tat org.testng.SuiteRunner.privateRun(SuiteRunner.java:397)\r\n\tat org.testng.SuiteRunner.run(SuiteRunner.java:336)\r\n\tat org.testng.SuiteRunnerWorker.runSuite(SuiteRunnerWorker.java:52)\r\n\tat org.testng.SuiteRunnerWorker.run(SuiteRunnerWorker.java:95)\r\n\tat org.testng.TestNG.runSuitesSequentially(TestNG.java:1280)\r\n\tat org.testng.TestNG.runSuitesLocally(TestNG.java:1200)\r\n\tat org.testng.TestNG.runSuites(TestNG.java:1114)\r\n\tat org.testng.TestNG.run(TestNG.java:1082)\r\n\tat com.intellij.rt.testng.IDEARemoteTestNG.run(IDEARemoteTestNG.java:65)\r\n\tat com.intellij.rt.testng.RemoteTestNGStarter.main(RemoteTestNGStarter.java:105)\r\nCaused by: org.openqa.selenium.NoSuchSessionException: invalid session id: session deleted as the browser has closed the connection\nfrom disconnected: not connected to DevTools\n  (Session info: chrome=142.0.7444.176)\nBuild info: version: '4.15.0', revision: '1d14b5521b'\nSystem info: os.name: 'Windows 11', os.arch: 'amd64', os.version: '10.0', java.version: '21.0.2'\nDriver info: org.openqa.selenium.chrome.ChromeDriver\nCommand: [bf4a65855ba35a7def65088402ea1298, findElement {using=xpath, value=//div[contains(@class,'ng-option')][normalize-space()=' a-ETR ']}]\nCapabilities {acceptInsecureCerts: false, browserName: chrome, browserVersion: 142.0.7444.176, chrome: {chromedriverVersion: 142.0.7444.175 (302067f14a4..., userDataDir: C:\\Users\\Tester\\AppData\\Loc...}, fedcm:accounts: true, goog:chromeOptions: {debuggerAddress: localhost:1692}, goog:processID: 10736, networkConnectionEnabled: false, pageLoadStrategy: normal, platformName: windows, proxy: Proxy(), se:cdp: ws://localhost:1692/devtool..., se:cdpVersion: 142.0.7444.176, setWindowRect: true, strictFileInteractability: false, timeouts: {implicit: 0, pageLoad: 300000, script: 30000}, unhandledPromptBehavior: dismiss and notify, webauthn:extension:credBlob: true, webauthn:extension:largeBlob: true, webauthn:extension:minPinLength: true, webauthn:extension:prf: true, webauthn:virtualAuthenticators: true}\nSession ID: bf4a65855ba35a7def65088402ea1298\r\n\tat java.base/jdk.internal.reflect.DirectConstructorHandleAccessor.newInstance(DirectConstructorHandleAccessor.java:62)\r\n\tat java.base/java.lang.reflect.Constructor.newInstanceWithCaller(Constructor.java:502)\r\n\tat java.base/java.lang.reflect.Constructor.newInstance(Constructor.java:486)\r\n\tat org.openqa.selenium.remote.codec.w3c.W3CHttpResponseCodec.createException(W3CHttpResponseCodec.java:200)\r\n\tat org.openqa.selenium.remote.codec.w3c.W3CHttpResponseCodec.decode(W3CHttpResponseCodec.java:133)\r\n\tat org.openqa.selenium.remote.codec.w3c.W3CHttpResponseCodec.decode(W3CHttpResponseCodec.java:52)\r\n\tat org.openqa.selenium.remote.HttpCommandExecutor.execute(HttpCommandExecutor.java:191)\r\n\tat org.openqa.selenium.remote.service.DriverCommandExecutor.invokeExecute(DriverCommandExecutor.java:200)\r\n\tat org.openqa.selenium.remote.service.DriverCommandExecutor.execute(DriverCommandExecutor.java:175)\r\n\tat org.openqa.selenium.remote.RemoteWebDriver.execute(RemoteWebDriver.java:607)\r\n\tat org.openqa.selenium.remote.ElementLocation$ElementFinder$2.findElement(ElementLocation.java:165)\r\n\tat org.openqa.selenium.remote.ElementLocation.findElement(ElementLocation.java:59)\r\n\tat org.openqa.selenium.remote.RemoteWebDriver.findElement(RemoteWebDriver.java:364)\r\n\tat org.openqa.selenium.remote.RemoteWebDriver.findElement(RemoteWebDriver.java:358)\r\n\tat org.openqa.selenium.support.ui.ExpectedConditions$7.apply(ExpectedConditions.java:194)\r\n\tat org.openqa.selenium.support.ui.ExpectedConditions$7.apply(ExpectedConditions.java:190)\r\n\tat org.openqa.selenium.support.ui.FluentWait.until(FluentWait.java:204)\r\n\tat utils.Common.selectNgDropdown(Common.java:201)\r\n\t... 26 more\r\n"},"stage":"finished","steps":[],"attachments":[{"name":"LOG - Step 1","source":"85c3e717-0785-4fea-b4ad-f11390437c5e-attachment.txt","type":"text/plain"},{"name":"LOG - Step 2","source":"4810ecbb-52f7-49a3-9350-b5ab42d02a03-attachment.txt","type":"text/plain"},{"name":"LOG - Step 3","source":"ddab7e9d-2358-4d24-9fac-58b9d46ee55c-attachment.txt","type":"text/plain"},{"name":"LOG - Step 4","source":"631ba293-b217-4e08-b6d5-324516ab0988-attachment.txt","type":"text/plain"},{"name":"LOG - Step 5","source":"39f0d35e-8154-4e1c-bf8b-efca7e78fdd0-attachment.txt","type":"text/plain"},{"name":"LOG - Step 6","source":"5e21458d-a2d4-47e0-bc5a-9cf617905aa9-attachment.txt","type":"text/plain"},{"name":"LOG - Step 7","source":"a11583be-a6ed-4867-a8cc-e3025aeb33bc-attachment.txt","type":"text/plain"},{"name":"LOG - Step 8","source":"43ffcefc-2b91-4191-8831-702bfc123234-attachment.txt","type":"text/plain"}],"parameters":[],"start":1764138997126,"stop":1764139069513}